{"timestamp": "2025-12-26T15:01:13.348644", "level": "INFO", "logger": "whatsapp_business", "message": "\ud83d\ude80 WhatsApp Business API starting up...", "module": "main", "function": "lifespan", "line": 17}
{"timestamp": "2025-12-26T15:01:16.165788", "level": "INFO", "logger": "whatsapp_business", "message": "\u2705 Database connected successfully", "module": "main", "function": "lifespan", "line": 22}
{"timestamp": "2025-12-26T15:01:49.912844", "level": "INFO", "logger": "whatsapp_business", "message": "Synced 14 conversations", "module": "conversations", "function": "sync_conversations", "line": 97}
{"timestamp": "2025-12-26T15:02:35.537992", "level": "INFO", "logger": "whatsapp_business", "message": "Synced 14 conversations", "module": "conversations", "function": "sync_conversations", "line": 97}
{"timestamp": "2025-12-26T15:04:00.893127", "level": "INFO", "logger": "whatsapp_business", "message": "\ud83d\udc4b WhatsApp Business API shutting down...", "module": "main", "function": "lifespan", "line": 32}
{"timestamp": "2025-12-26T16:45:22.593590", "level": "INFO", "logger": "whatsapp_business", "message": "\ud83d\ude80 WhatsApp Business API starting up...", "module": "main", "function": "lifespan", "line": 17}
{"timestamp": "2025-12-26T16:45:24.015446", "level": "INFO", "logger": "whatsapp_business", "message": "\u2705 Database connected successfully", "module": "main", "function": "lifespan", "line": 22}
{"timestamp": "2025-12-26T16:45:50.091427", "level": "ERROR", "logger": "whatsapp_business", "message": "Error searching messages: InboxService.search_messages() got an unexpected keyword argument 'partial'", "module": "conversations", "function": "search_messages", "line": 207, "exception": "Traceback (most recent call last):\n  File \"C:\\Users\\kumar\\OneDrive\\Desktop\\bulk_send\\app\\routes\\conversations.py\", line 199, in search_messages\n    results = await inbox_service.search_messages(user_id, limit, partial=True)\n                    ^^^^^^^^^^^^^^^^^^^^^^^^^^^^^^^^^^^^^^^^^^^^^^^^^^^^^^^^^^^\nTypeError: InboxService.search_messages() got an unexpected keyword argument 'partial'"}
{"timestamp": "2025-12-26T16:47:10.559767", "level": "INFO", "logger": "whatsapp_business", "message": "\ud83d\udc4b WhatsApp Business API shutting down...", "module": "main", "function": "lifespan", "line": 32}
{"timestamp": "2025-12-26T16:47:13.820287", "level": "INFO", "logger": "whatsapp_business", "message": "\ud83d\ude80 WhatsApp Business API starting up...", "module": "main", "function": "lifespan", "line": 17}
{"timestamp": "2025-12-26T16:47:15.154394", "level": "INFO", "logger": "whatsapp_business", "message": "\u2705 Database connected successfully", "module": "main", "function": "lifespan", "line": 22}
{"timestamp": "2025-12-26T16:48:34.135737", "level": "ERROR", "logger": "whatsapp_business", "message": "Error searching messages: InboxService.search_messages() got an unexpected keyword argument 'partial'", "module": "conversations", "function": "search_messages", "line": 209, "exception": "Traceback (most recent call last):\n  File \"C:\\Users\\kumar\\OneDrive\\Desktop\\bulk_send\\app\\routes\\conversations.py\", line 200, in search_messages\n    results = await inbox_service.search_messages(user_id=user_id, limit=limit, partial=True)\n                    ^^^^^^^^^^^^^^^^^^^^^^^^^^^^^^^^^^^^^^^^^^^^^^^^^^^^^^^^^^^^^^^^^^^^^^^^^\nTypeError: InboxService.search_messages() got an unexpected keyword argument 'partial'"}
{"timestamp": "2025-12-26T16:48:35.457047", "level": "ERROR", "logger": "whatsapp_business", "message": "Error searching messages: InboxService.search_messages() got an unexpected keyword argument 'partial'", "module": "conversations", "function": "search_messages", "line": 209, "exception": "Traceback (most recent call last):\n  File \"C:\\Users\\kumar\\OneDrive\\Desktop\\bulk_send\\app\\routes\\conversations.py\", line 200, in search_messages\n    results = await inbox_service.search_messages(user_id=user_id, limit=limit, partial=True)\n                    ^^^^^^^^^^^^^^^^^^^^^^^^^^^^^^^^^^^^^^^^^^^^^^^^^^^^^^^^^^^^^^^^^^^^^^^^^\nTypeError: InboxService.search_messages() got an unexpected keyword argument 'partial'"}
{"timestamp": "2025-12-26T16:48:52.045013", "level": "ERROR", "logger": "whatsapp_business", "message": "Error searching messages: InboxService.search_messages() got an unexpected keyword argument 'partial'", "module": "conversations", "function": "search_messages", "line": 209, "exception": "Traceback (most recent call last):\n  File \"C:\\Users\\kumar\\OneDrive\\Desktop\\bulk_send\\app\\routes\\conversations.py\", line 200, in search_messages\n    results = await inbox_service.search_messages(user_id=user_id, limit=limit, partial=True)\n                    ^^^^^^^^^^^^^^^^^^^^^^^^^^^^^^^^^^^^^^^^^^^^^^^^^^^^^^^^^^^^^^^^^^^^^^^^^\nTypeError: InboxService.search_messages() got an unexpected keyword argument 'partial'"}
{"timestamp": "2025-12-26T16:49:02.334898", "level": "INFO", "logger": "whatsapp_business", "message": "\ud83d\udc4b WhatsApp Business API shutting down...", "module": "main", "function": "lifespan", "line": 32}
{"timestamp": "2025-12-26T16:50:38.851264", "level": "INFO", "logger": "whatsapp_business", "message": "\ud83d\ude80 WhatsApp Business API starting up...", "module": "main", "function": "lifespan", "line": 17}
{"timestamp": "2025-12-26T16:50:40.260367", "level": "INFO", "logger": "whatsapp_business", "message": "\u2705 Database connected successfully", "module": "main", "function": "lifespan", "line": 22}
{"timestamp": "2025-12-26T16:51:00.627305", "level": "ERROR", "logger": "whatsapp_business", "message": "Error searching messages: InboxService.search_messages() got an unexpected keyword argument 'partial'", "module": "conversations", "function": "search_messages", "line": 209, "exception": "Traceback (most recent call last):\n  File \"C:\\Users\\kumar\\OneDrive\\Desktop\\bulk_send\\app\\routes\\conversations.py\", line 200, in search_messages\n    results = await inbox_service.search_messages(user_id=user_id, limit=limit, partial=True)\n                    ^^^^^^^^^^^^^^^^^^^^^^^^^^^^^^^^^^^^^^^^^^^^^^^^^^^^^^^^^^^^^^^^^^^^^^^^^\nTypeError: InboxService.search_messages() got an unexpected keyword argument 'partial'"}
{"timestamp": "2025-12-26T16:51:26.417305", "level": "INFO", "logger": "whatsapp_business", "message": "\ud83d\udc4b WhatsApp Business API shutting down...", "module": "main", "function": "lifespan", "line": 32}
{"timestamp": "2025-12-26T16:51:29.538422", "level": "INFO", "logger": "whatsapp_business", "message": "\ud83d\ude80 WhatsApp Business API starting up...", "module": "main", "function": "lifespan", "line": 17}
{"timestamp": "2025-12-26T16:51:30.798821", "level": "INFO", "logger": "whatsapp_business", "message": "\u2705 Database connected successfully", "module": "main", "function": "lifespan", "line": 22}
{"timestamp": "2025-12-26T16:54:14.072536", "level": "INFO", "logger": "whatsapp_business", "message": "\ud83d\udc4b WhatsApp Business API shutting down...", "module": "main", "function": "lifespan", "line": 32}
{"timestamp": "2025-12-26T16:54:17.978638", "level": "INFO", "logger": "whatsapp_business", "message": "\ud83d\ude80 WhatsApp Business API starting up...", "module": "main", "function": "lifespan", "line": 17}
{"timestamp": "2025-12-26T16:54:18.993296", "level": "INFO", "logger": "whatsapp_business", "message": "\u2705 Database connected successfully", "module": "main", "function": "lifespan", "line": 22}
{"timestamp": "2025-12-26T16:55:18.152604", "level": "INFO", "logger": "whatsapp_business", "message": "Bulk send request: 1 contacts", "module": "bulk_send", "function": "send_bulk_messages", "line": 117}
{"timestamp": "2025-12-26T16:55:18.154305", "level": "INFO", "logger": "whatsapp_business", "message": "Starting bulk send: 1 contacts", "module": "bulk_sender", "function": "send_bulk_messages", "line": 37}
{"timestamp": "2025-12-26T16:55:18.154810", "level": "INFO", "logger": "whatsapp_business", "message": "Sending to 91937347128 (1/1)", "module": "bulk_sender", "function": "send_bulk_messages", "line": 62}
{"timestamp": "2025-12-26T16:55:20.212110", "level": "ERROR", "logger": "whatsapp_business", "message": "API error 131030: (#131030) Recipient phone number not in allowed list", "module": "whatsapp", "function": "_make_request", "line": 180}
{"timestamp": "2025-12-26T16:55:20.306688", "level": "ERROR", "logger": "whatsapp_business", "message": "\u274c Failed: 91937347128 - (#131030) Recipient phone number not in allowed list", "module": "bulk_sender", "function": "send_bulk_messages", "line": 108}
{"timestamp": "2025-12-26T16:55:20.306688", "level": "INFO", "logger": "whatsapp_business", "message": "Bulk send completed: 0/1 successful (0.0%)", "module": "bulk_sender", "function": "send_bulk_messages", "line": 125}
{"timestamp": "2025-12-26T16:55:33.803580", "level": "INFO", "logger": "whatsapp_business", "message": "Bulk send request: 1 contacts", "module": "bulk_send", "function": "send_bulk_messages", "line": 117}
{"timestamp": "2025-12-26T16:55:33.806365", "level": "INFO", "logger": "whatsapp_business", "message": "Starting bulk send: 1 contacts", "module": "bulk_sender", "function": "send_bulk_messages", "line": 37}
{"timestamp": "2025-12-26T16:55:33.806365", "level": "INFO", "logger": "whatsapp_business", "message": "Sending to 919137347128 (1/1)", "module": "bulk_sender", "function": "send_bulk_messages", "line": 62}
{"timestamp": "2025-12-26T16:55:36.386697", "level": "INFO", "logger": "whatsapp_business", "message": "Message sent successfully, ID: wamid.HBgMOTE5MTM3MzQ3MTI4FQIAERgSREI5REY0NzU5MzY2QUQwMzBBAA==", "module": "whatsapp", "function": "_make_request", "line": 169}
{"timestamp": "2025-12-26T16:55:36.487812", "level": "INFO", "logger": "whatsapp_business", "message": "\u2705 Success: 919137347128", "module": "bulk_sender", "function": "send_bulk_messages", "line": 86}
{"timestamp": "2025-12-26T16:55:36.487812", "level": "INFO", "logger": "whatsapp_business", "message": "Bulk send completed: 1/1 successful (100.0%)", "module": "bulk_sender", "function": "send_bulk_messages", "line": 125}
