{"timestamp": "2025-12-06T03:49:50.132642", "level": "INFO", "logger": "whatsapp_business", "message": "\ud83d\ude80 WhatsApp Business API starting up...", "module": "main", "function": "lifespan", "line": 17}
{"timestamp": "2025-12-06T03:49:51.737454", "level": "INFO", "logger": "whatsapp_business", "message": "\u2705 Database connected successfully", "module": "main", "function": "lifespan", "line": 22}
{"timestamp": "2025-12-06T03:57:55.537119", "level": "INFO", "logger": "whatsapp_business", "message": "\ud83d\udc4b WhatsApp Business API shutting down...", "module": "main", "function": "lifespan", "line": 32}
{"timestamp": "2025-12-06T03:58:54.429371", "level": "INFO", "logger": "whatsapp_business", "message": "\ud83d\ude80 WhatsApp Business API starting up...", "module": "main", "function": "lifespan", "line": 17}
{"timestamp": "2025-12-06T03:58:55.652745", "level": "INFO", "logger": "whatsapp_business", "message": "\u2705 Database connected successfully", "module": "main", "function": "lifespan", "line": 22}
{"timestamp": "2025-12-06T04:00:05.913080", "level": "INFO", "logger": "whatsapp_business", "message": "\ud83d\udc4b WhatsApp Business API shutting down...", "module": "main", "function": "lifespan", "line": 32}
{"timestamp": "2025-12-06T04:00:24.197178", "level": "INFO", "logger": "whatsapp_business", "message": "\ud83d\ude80 WhatsApp Business API starting up...", "module": "main", "function": "lifespan", "line": 17}
{"timestamp": "2025-12-06T04:00:25.394426", "level": "INFO", "logger": "whatsapp_business", "message": "\u2705 Database connected successfully", "module": "main", "function": "lifespan", "line": 22}
{"timestamp": "2025-12-06T04:02:36.151684", "level": "INFO", "logger": "whatsapp_business", "message": "\u2705 WebSocket connected. Total connections: 1", "module": "connection_manager", "function": "connect", "line": 17}
{"timestamp": "2025-12-06T04:02:36.151684", "level": "INFO", "logger": "whatsapp_business", "message": "\ud83d\udce8 Sent welcome message to client", "module": "notification", "function": "websocket_endpoint", "line": 29}
{"timestamp": "2025-12-06T04:02:56.713506", "level": "INFO", "logger": "whatsapp_business", "message": "\u2705 WebSocket connected. Total connections: 2", "module": "connection_manager", "function": "connect", "line": 17}
{"timestamp": "2025-12-06T04:02:56.713506", "level": "INFO", "logger": "whatsapp_business", "message": "\ud83d\udce8 Sent welcome message to client", "module": "notification", "function": "websocket_endpoint", "line": 29}
{"timestamp": "2025-12-06T04:03:15.244346", "level": "INFO", "logger": "whatsapp_business", "message": "\u2705 WebSocket connected. Total connections: 3", "module": "connection_manager", "function": "connect", "line": 17}
{"timestamp": "2025-12-06T04:03:15.246729", "level": "INFO", "logger": "whatsapp_business", "message": "\ud83d\udce8 Sent welcome message to client", "module": "notification", "function": "websocket_endpoint", "line": 29}
{"timestamp": "2025-12-06T04:04:03.412938", "level": "INFO", "logger": "whatsapp_business", "message": "\ud83d\udd0c WebSocket disconnected. Total connections: 2", "module": "connection_manager", "function": "disconnect", "line": 22}
{"timestamp": "2025-12-06T04:04:03.412938", "level": "INFO", "logger": "whatsapp_business", "message": "\ud83d\udc4b Client disconnected normally", "module": "notification", "function": "websocket_endpoint", "line": 46}
{"timestamp": "2025-12-06T04:04:03.425020", "level": "INFO", "logger": "whatsapp_business", "message": "\ud83d\udd0c WebSocket disconnected. Total connections: 1", "module": "connection_manager", "function": "disconnect", "line": 22}
{"timestamp": "2025-12-06T04:04:03.425020", "level": "INFO", "logger": "whatsapp_business", "message": "\ud83d\udc4b Client disconnected normally", "module": "notification", "function": "websocket_endpoint", "line": 46}
{"timestamp": "2025-12-06T04:04:03.425020", "level": "INFO", "logger": "whatsapp_business", "message": "\ud83d\udd0c WebSocket disconnected. Total connections: 0", "module": "connection_manager", "function": "disconnect", "line": 22}
{"timestamp": "2025-12-06T04:04:03.425020", "level": "INFO", "logger": "whatsapp_business", "message": "\ud83d\udc4b Client disconnected normally", "module": "notification", "function": "websocket_endpoint", "line": 46}
{"timestamp": "2025-12-06T04:04:06.589366", "level": "INFO", "logger": "whatsapp_business", "message": "\ud83d\udc4b WhatsApp Business API shutting down...", "module": "main", "function": "lifespan", "line": 32}
